---------------------------------------------------------------------------------------------------
Version: 1.1.4
Date: 19-Mar-2021
  Bugfixes:
    - Fixed crash when other mods switches toogle
    - Added config parameter to control filter combinator output max signal count
    - Fixed crash when output slot count overflow, deactivating the combinator and raising an alert about the overflow
---------------------------------------------------------------------------------------------------
Version: 1.1.3
Date: 16-Jan-2021
  Changes:
    - Added filter combinator icon
    - Added filter combinator technology
---------------------------------------------------------------------------------------------------
Version: 1.1.2
Date: 16-Jan-2021
  Changes:
    - Added thumbnail
---------------------------------------------------------------------------------------------------
Version: 1.1.1
Date: 16-Jan-2021
  Changes:
    - Initial implementation of the mod